Traceback (most recent call last):
  File /home/giuliofinocchiaro/CanizzaRobot2025/raspberry/pyvenv/lib/python3.11/site-packages/serial/serialposix.py, line 621, in write
    n = os.write(self.fd, d)
        ^^^^^^^^^^^^^^^^^^^^
OSError: [Errno 5] Input/output error

During handling of the above exception, another exception occurred:

Traceback (most recent call last):
  File /home/giuliofinocchiaro/CanizzaRobot2025/raspberry/main.py, line 10, in <module>
    ruote = MotorPair('A', 'B')
            ^^^^^^^^^^^^^^^^^^^
  File /home/giuliofinocchiaro/CanizzaRobot2025/raspberry/pyvenv/lib/python3.11/site-packages/buildhat/motors.py, line 511, in __init__
    self._leftmotor = Motor(leftport)
                      ^^^^^^^^^^^^^^^
  File /home/giuliofinocchiaro/CanizzaRobot2025/raspberry/pyvenv/lib/python3.11/site-packages/buildhat/motors.py, line 108, in __init__
    super().__init__(port)
  File /home/giuliofinocchiaro/CanizzaRobot2025/raspberry/pyvenv/lib/python3.11/site-packages/buildhat/devices.py, line 58, in __init__
    Device._setup()
  File /home/giuliofinocchiaro/CanizzaRobot2025/raspberry/pyvenv/lib/python3.11/site-packages/buildhat/devices.py, line 82, in _setup
    Device._instance = BuildHAT(firm, sig, v, **kwargs)
                       ^^^^^^^^^^^^^^^^^^^^^^^^^^^^^^^^
  File /home/giuliofinocchiaro/CanizzaRobot2025/raspberry/pyvenv/lib/python3.11/site-packages/buildhat/serinterface.py, line 118, in __init__
    self.write(bversionr)
  File /home/giuliofinocchiaro/CanizzaRobot2025/raspberry/pyvenv/lib/python3.11/site-packages/buildhat/serinterface.py, line 257, in write
    self.ser.write(data)
  File /home/giuliofinocchiaro/CanizzaRobot2025/raspberry/pyvenv/lib/python3.11/site-packages/serial/serialposix.py, line 655, in write
    raise SerialException('write failed: {}'.format(e))
serial.serialutil.SerialException: write failed: [Errno 5] Input/output error
